
; 64tass Turbo Assembler Macro V1.54.1900 listing file
; 64tass -Wall -q -c -D loadbas=0 -o upload.prg -L upload.lst upload.asm
; Fri Nov  1 17:43:13 2019

;Offset	;Hex		;Monitor	;Source

;******  Command line definitions

=0					loadbas=0

;******  Processing input file: upload.asm

.2000					Upload:
.2000	a9 fa		lda #$fa			lda 	#$FA						; plx
.2002	85 00		sta $00				sta 	$00
.2004	a9 7a		lda #$7a			lda 	#$7A						; ply
.2006	85 01		sta $01				sta 	$01
.2008	a9 5a		lda #$5a			lda 	#$5A 						; phy
.200a	85 02		sta $02				sta 	$02
.200c	a9 da		lda #$da			lda 	#$DA 						; phx
.200e	85 03		sta $03				sta 	$03
.2010	a9 60		lda #$60			lda 	#$60 						; rts
.2012	85 04		sta $04				sta 	$04
.2014	20 00 00	jsr $0000			jsr 	$0000 						; call it - puts Call00Returns-1 in YX.
.2017					Call00Returns:
.2017	8a		txa				txa
.2018	38		sec				sec 								; add 1 for RTS
.2019	69 28		adc #$28			adc 	#(UploadData-Call00Returns) & $FF
.201b	85 00		sta $00				sta 	$00
.201d	98		tya				tya
.201e	69 00		adc #$00			adc 	#(UploadData-Call00Returns) >> 8
.2020	85 01		sta $01				sta 	$01
.2022	64 02		stz $02				stz 	$02
.2024	a9 a0		lda #$a0			lda 	#$A0
.2026	85 03		sta $03				sta 	$03
.2028	9c b1 9f	stz $9fb1			stz 	$9FB1 						; copy it into bank 0.
.202b	a0 00		ldy #$00			ldy 	#0
.202d					CopyData:
.202d	b1 00		lda ($00),y			lda 	($00),y
.202f	91 02		sta ($02),y			sta 	($02),y
.2031	c8		iny				iny
.2032	d0 f9		bne $202d			bne 	CopyData
.2034	e6 01		inc $01				inc 	$01 						; bump MSB
.2036	e6 03		inc $03				inc 	$03
.2038	a5 03		lda $03				lda 	$03 						; until copied 8k.
.203a	c9 c0		cmp #$c0			cmp 	#$C0
.203c	d0 ef		bne $202d			bne 	CopyData
.203e	60		rts				rts 								; and exit
.203f					UploadData:
>203f	4c 21 a0 4c 56 a0 0d 20				.binary 	"lean.bin"
>2047	20 20 20 4c 45 41 4e 20 56 30 2e 33 20 28 30 31
>2057	2d 4e 4f 56 2d 31 39 29 00 ba 86 27 a2 05 bd 00
>2067	a0 95 00 ca 10 f8 20 a8 a3 20 e3 a8 20 27 a7 20
>2077	1d a4 20 91 a4 20 74 a0 20 77 a0 90 08 20 b9 a0
>2087	20 05 a2 80 f3 a9 2a 20 1c a9 a6 27 9a 60 a5 28
>2097	05 29 05 2a f0 06 20 a8 a3 4c 02 07 20 f3 a4 4c
>20a7	45 41 4e 3a 4e 4f 20 43 4f 44 45 00 64 11 60 48
>20b7	da 5a a5 11 d0 0a a9 01 85 10 a9 08 85 11 80 12
>20c7	a0 01 b2 10 11 10 18 f0 24 b2 10 aa b1 10 86 10
>20d7	85 11 a0 02 b1 10 85 2b c8 b1 10 85 2c c8 b1 10
>20e7	c9 8f d0 dc c8 b1 10 c8 c9 2e d0 d4 38 7a fa 68
>20f7	60 a0 06 a2 00 64 32 a9 ff 8d 80 06 b1 10 f0 7a
>2107	c8 c9 20 f0 f7 20 a6 a1 b0 08 09 80 9d 40 06 e8
>2117	80 ea 86 2d 9d 40 06 e8 b1 10 c8 20 a6 a1 b0 f4
>2127	88 bd 3f 06 09 80 9d 3f 06 5a da 20 9a a1 20 2c
>2137	a4 90 0c c9 50 f0 4b c9 53 f0 47 c9 49 f0 43 20
>2147	9a a1 20 53 a8 b0 04 fa 7a 80 b1 86 1a 84 1b fa
>2157	7a b1 10 c9 2d d0 04 20 8c a1 c8 5a da a6 1a a4
>2167	1b a9 00 20 ca a1 a9 62 c0 00 f0 02 a9 77 fa 7a
>2177	a6 2d 09 80 9d 40 06 e8 80 82 9e 40 06 e0 40 b0
>2187	31 60 48 a6 2e a4 2f a5 30 20 ca a1 68 09 20 c9
>2197	70 f0 db c0 00 f0 d7 49 05 c9 6c f0 d1 a9 63 80
>21a7	cd 20 f3 a4 4c 45 41 4e 3a 53 59 4e 54 41 58 20
>21b7	3f 00 20 f3 a4 4c 45 41 4e 3a 4c 49 4e 45 20 53
>21c7	49 5a 45 00 38 a9 00 e5 1a 85 1a a9 00 e5 1b 85
>21d7	1b 60 18 a5 2d 69 40 aa a0 06 90 01 c8 60 c9 25
>21e7	f0 1c c9 5f f0 18 c9 24 f0 14 c9 2e f0 10 c9 30
>21f7	90 0e c9 3a 90 08 c9 41 90 06 c9 5b b0 02 38 60
>2207	18 60 48 da 5a da a6 32 9d 83 06 98 9d 82 06 68
>2217	9d 81 06 a5 2d 9d 80 06 e8 e8 e8 e8 86 32 a9 ff
>2227	9d 80 06 e0 80 b0 04 7a fa 68 60 20 f3 a4 4c 45
>2237	41 4e 3a 43 4f 4d 50 4c 45 58 20 3f 00 64 33 64
>2247	3d a6 33 bd 40 06 f0 07 20 18 a2 e6 3d 80 f2 60
>2257	a5 33 18 69 40 aa a0 06 90 01 c8 20 29 a4 b0 10
>2267	20 f3 a4 4c 45 41 4e 3a 53 59 4e 54 41 58 3f 00
>2277	c9 4d d0 ec a4 31 a6 33 bd 40 06 29 7f c9 61 90
>2287	08 c9 7b b0 04 8a 20 d4 a2 e8 88 d0 eb 86 33 a5
>2297	2e 85 16 a5 2f 85 17 b2 16 f0 25 aa a0 01 b1 16
>22a7	c9 a3 f0 1d c9 93 d0 0e c8 b1 16 85 34 c8 b1 16
>22b7	85 35 ca ca 80 06 20 a5 a2 20 00 07 c8 ca d0 de
>22c7	60 c8 ca da 5a b1 16 0a aa bd 79 ac 85 1a bd 7a
>22d7	ac 85 1b 20 a2 a2 7a fa 80 e2 6c 1a 00 c9 63 f0
>22e7	09 c9 83 f0 08 c9 73 f0 0a 60 a5 36 60 a5 36 1a
>22f7	f0 04 60 a5 37 60 20 f3 a4 4c 45 41 4e 3a 57 4f
>2307	52 44 20 4f 46 46 20 50 41 47 45 00 48 da 5a 85
>2317	1a a2 fc e8 e8 e8 e8 bd 80 06 c9 ff f0 16 c5 1a
>2327	d0 f1 a0 00 bd 81 06 99 36 00 e8 c8 c0 03 d0 f4
>2337	7a fa 68 60 20 f3 a4 4c 45 41 4e 3a 53 59 53 30
>2347	3f 00 a6 33 bd 40 06 29 7f 20 a6 a1 90 15 da bd
>2357	40 06 e8 0a 90 f9 86 33 68 a0 06 18 69 40 aa 90
>2367	01 c8 60 20 f3 a4 4c 45 41 4e 3a 49 44 45 4e 54
>2377	49 46 49 45 52 20 3f 00 48 da a6 33 5d 40 06 29
>2387	7f d0 05 e6 33 fa 68 60 20 f3 a4 4c 45 41 4e 3a
>2397	4d 49 53 53 49 4e 47 20 3f 00 da a6 33 bd 40 06
>23a7	fa 60 e6 33 60 80 21 80 00 ad 61 9f 48 a5 2a 8d
>23b7	61 9f a5 28 8d 1c 07 a5 29 8d 1d 07 a5 24 a6 25
>23c7	20 00 00 68 8d 61 9f 60 da 5a ae 61 9f a4 26 8c
>23d7	61 9f 92 24 e6 24 d0 02 e6 25 8e 61 9f 7a fa 60
>23e7	48 da a2 3b bd 6d a3 9d 00 07 ca e0 ff d0 f5 fa
>23f7	68 60 86 1a 84 1b a0 01 91 14 a0 00 b1 1a c8 0a
>2407	90 fa 5a 98 18 69 06 92 14 a0 02 a9 ff 91 14 c8
>2417	c0 05 d0 f7 68 aa 91 14 a0 00 b1 1a c8 5a c8 c8
>2427	c8 c8 c8 91 14 7a ca d0 f1 a5 14 85 22 a5 15 85
>2437	23 18 b2 14 65 14 85 14 90 02 e6 15 a9 00 92 14
>2447	60 48 da 5a 5a a0 04 91 22 88 68 91 22 88 8a 91
>2457	22 7a fa 68 60 a9 57 85 14 a9 b2 85 15 9c 57 b2
>2467	60 38 80 01 18 da 5a 08 8a 38 e9 06 85 1a 98 e9
>2477	00 85 1b 28 b0 09 a2 57 a0 b2 20 51 a4 b0 07 a2
>2487	95 a0 ac 20 51 a4 7a fa 60 86 1c 84 1d b2 1c f0
>2497	36 a0 05 b1 1c aa c8 b1 1c d1 1a d0 1d ca d0 f6
>24a7	a0 05 b1 1c 85 31 88 b1 1c 85 30 88 b1 1c 85 2f
>24b7	88 b1 1c 85 2e 88 b1 1c 38 60 18 b2 1c 65 1c 85
>24c7	1c 90 ca e6 1d 80 c6 18 60 a2 00 a0 a0 a9 01 80
>24d7	00 48 a5 24 85 39 a5 25 85 3a a5 26 85 3b 68 85
>24e7	26 86 24 84 25 60 a5 39 85 24 a5 3a 85 25 a5 3b
>24f7	85 26 60 18 8a e5 24 20 00 07 aa 98 e5 25 f0 14
>2507	c9 ff f0 14 20 f3 a4 4c 45 41 4e 3a 42 52 41 4e
>2517	43 48 3f 00 8a 30 ed 60 8a 10 e9 60 20 f3 a4 4c
>2527	45 41 4e 3a 53 59 4e 54 41 58 00 fa 7a e8 d0 01
>2537	c8 20 3f a5 a5 2b 05 2c f0 28 a2 3a a0 a5 20 3f
>2547	a5 a6 2b a4 2c 20 08 a8 a2 40 a0 06 20 3f a5 a9
>2557	3a 20 50 a5 a6 3d a0 00 20 08 a8 a2 40 a0 06 20
>2567	3f a5 64 28 64 29 64 2a a2 06 a0 a0 20 3f a5 4c
>2577	52 a0 20 41 54 20 00 86 1a 84 1b a0 00 b1 1a f0
>2587	06 20 50 a5 c8 80 f6 60 48 da 5a 20 d2 ff 7a fa
>2597	68 60 20 0a a3 a9 50 20 ba a3 a5 26 a6 24 a4 25
>25a7	86 28 84 29 85 2a 20 09 a4 a9 28 20 40 a3 a9 29
>25b7	20 40 a3 a9 50 20 00 a9 60 20 f3 a4 4c 45 41 4e
>25c7	3a 50 52 4f 43 44 45 46 00 a9 50 20 1c a9 a9 60
>25d7	20 00 07 a9 01 20 49 a9 60 a5 33 3a 48 a9 28 20
>25e7	40 a3 20 62 a3 c9 a9 f0 1a a9 52 20 e4 a5 20 6a
>25f7	a3 20 62 a3 c9 ac d0 0b 20 6a a3 a9 59 20 e4 a5
>2607	20 6a a3 a9 29 20 40 a3 68 20 d4 a2 a9 20 20 00
>2617	07 a5 36 20 00 07 a5 37 20 00 07 60 a6 33 da 48
>2627	bd 40 06 c9 e1 90 1a c9 fb b0 16 ca a9 bd 9d 40
>2637	06 ca 68 09 80 9d 40 06 86 33 20 18 a2 68 85 33
>2647	60 20 f3 a4 4c 45 41 4e 3a 50 41 52 41 4d 45 54
>2657	45 52 3f 00 a5 34 49 20 20 00 07 20 f0 a8 a9 ff
>2667	20 00 07 a9 49 20 00 a9 60 a9 49 20 1c a9 a9 80
>2677	20 00 07 a5 24 48 a5 25 48 a9 ff 20 00 07 20 61
>2687	a6 68 a0 01 91 12 68 c8 91 12 60 a9 49 20 1c a9
>2697	20 61 a6 a9 04 20 49 a9 60 a5 24 48 a5 25 48 a0
>26a7	03 b1 12 48 88 b1 12 aa 88 b1 12 a8 68 20 99 a4
>26b7	7a fa 20 bb a4 20 ae a4 60 20 f0 a8 a9 52 20 00
>26c7	a9 60 a9 52 20 1c a9 a5 34 49 20 a0 01 20 34 a9
>26d7	a9 04 20 49 a9 60 20 f0 a8 a9 3a 20 00 07 a9 48
>26e7	20 00 07 a9 46 20 00 a9 60 20 f0 a8 a9 c9 20 00
>26f7	07 a9 00 20 00 07 a9 d0 20 00 07 a9 01 20 00 07
>2707	a9 ca 20 00 07 a9 3a 20 00 07 a9 48 20 00 07 a9
>2717	da 20 00 07 a9 47 20 00 a9 60 b2 12 c9 47 f0 17
>2727	a9 46 20 1c a9 a9 68 20 00 07 a9 d0 a0 01 20 34
>2737	a9 a9 04 20 49 a9 60 a9 fa 20 00 07 a9 68 20 00
>2747	07 a9 d0 a0 01 20 34 a9 a9 e0 20 00 07 a9 00 20
>2757	00 07 a9 d0 a0 01 20 34 a9 a9 04 20 49 a9 60 a9
>2767	00 85 18 a9 07 85 19 60 a9 01 80 02 a9 02 85 3c
>2777	a9 53 a6 3c ca f0 02 a9 49 48 20 0a a3 68 20 ba
>2787	a3 20 62 a3 c9 c0 d0 21 20 6a a3 20 62 a3 c9 e2
>2797	f0 04 c9 f7 d0 34 a5 33 20 d4 a2 a9 00 a6 36 a4
>27a7	37 20 09 a4 20 6a a3 80 14 a6 18 a4 19 a9 00 20
>27b7	09 a4 a5 3c 18 65 18 85 18 90 02 e6 19 20 62 a3
>27c7	c9 ac d0 05 20 6a a3 80 a7 60 20 f3 a4 4c 45 41
>27d7	4e 3a 41 44 44 52 45 53 53 3f 00 a9 57 85 1a a9
>27e7	b2 85 1b b2 1a f0 58 a0 06 b1 1a 29 7f c9 2e d0
>27f7	41 a5 1a 48 18 72 1a 85 1c a5 1b 48 69 00 85 1d
>2807	b2 1c 92 1a a5 1c c5 14 d0 06 a5 1d c5 15 f0 0e
>2817	e6 1a d0 02 e6 1b e6 1c d0 02 e6 1d 80 e2 a5 1a
>2827	85 14 a5 1b 85 15 a9 00 92 14 68 85 1b 68 85 1a
>2837	80 b1 18 a5 1a 72 1a 85 1a 90 a8 e6 1b 80 a4 60
>2847	86 1a 84 1b a0 00 a2 00 64 1c 38 a5 1a fd 4b a8
>2857	48 a5 1b fd 4c a8 90 09 85 1b 68 85 1a e6 1c 80
>2867	e9 68 a5 1c d0 04 c0 00 f0 06 09 30 99 40 06 c8
>2877	e8 e8 e0 08 d0 d2 a5 1a 09 30 99 40 06 a9 00 99
>2887	41 06 60 10 27 e8 03 64 00 0a 00 86 20 84 21 a2
>2897	10 a0 01 b2 20 c9 24 f0 1b 88 a2 0a c9 2d d0 14
>28a7	c8 20 7c a8 90 0d 8a 49 ff aa 98 49 ff a8 e8 38
>28b7	d0 01 c8 60 86 1c b1 20 f0 5f 64 1a 64 1b a5 1a
>28c7	85 1e a5 1b 85 1f 64 1a 64 1b a6 1c 8a 4a aa 90
>28d7	0d 18 a5 1e 65 1a 85 1a a5 1f 65 1b 85 1b 06 1e
>28e7	26 1f e0 00 d0 e6 b1 20 29 7f c9 30 90 2b c9 3a
>28f7	90 0b c9 41 90 23 c9 47 b0 1f 38 e9 07 38 e9 30
>2907	c5 1c b0 15 d8 65 1a 85 1a 90 02 e6 1b b1 20 c8
>2917	0a 90 ab a6 1a a4 1b 38 60 18 60 a9 3f 85 12 a9
>2927	06 85 13 a9 2a 92 12 60 a5 26 20 00 a9 a5 24 20
>2937	00 a9 a5 25 20 00 a9 60 c6 12 f0 03 92 12 60 20
>2947	f3 a4 4c 45 41 4e 3a 52 45 54 55 52 4e 20 53 54
>2957	41 43 4b 00 d2 12 d0 01 60 20 f3 a4 4c 45 41 4e
>2967	3a 53 54 52 55 43 54 55 52 45 53 00 48 da 5a 20
>2977	00 07 c8 b1 12 aa 88 b1 12 a8 20 bb a4 7a fa 68
>2987	60 18 65 12 85 12 60 04 a9 63 a2 73 09 91 63 c8
>2997	8a 91 63 88 b1 63 02 91 63 02 84 63 02 85 63 02
>29a7	85 63 04 a5 63 a2 00 02 a3 00 06 8d 63 73 8e 83
>29b7	73 06 ad 63 73 ae 83 73 04 85 63 86 83 04 a5 63
>29c7	a6 83 03 8c 63 73 03 8d 63 73 03 8d 63 73 05 ad
>29d7	63 73 a2 00 04 a9 63 a2 73 07 8a 49 ff aa 68 49
>29e7	ff 02 49 ff 02 a4 63 03 ac 63 73 02 a0 63 01 a8
>29f7	01 a8 01 5a 02 a3 01 02 a3 02 01 7a 03 7a fa 68
>2a07	02 fa 68 01 68 08 49 63 48 8a 49 73 aa 68 0a 51
>2a17	63 48 8a c8 51 63 88 aa 68 02 45 63 0a 4d 63 73
>2a27	48 8a 4d 83 73 aa 68 08 45 63 48 8a 45 83 aa 68
>2a37	03 4d 63 73 02 49 63 02 a3 03 02 a3 04 03 48 da
>2a47	5a 04 a9 63 a2 73 07 c8 b1 63 aa 88 b1 63 04 a5
>2a57	63 a2 00 06 ad 63 73 ae 83 73 04 a5 63 a6 83 05
>2a67	ad 63 73 a2 00 04 a9 63 a2 73 03 98 a2 00 02 a2
>2a77	00 09 c9 00 d0 02 e0 00 93 f0 fe 09 c9 00 d0 02
>2a87	e0 00 93 d0 fe 08 09 63 48 8a 09 73 aa 68 0a 11
>2a97	63 48 8a c8 11 63 88 aa 68 02 05 63 0a 0d 63 73
>2aa7	48 8a 0d 83 73 aa 68 08 05 63 48 8a 05 83 aa 68
>2ab7	03 0d 63 73 02 09 63 03 48 8a fa 02 a3 05 09 38
>2ac7	e9 63 48 8a e9 73 aa 68 0b 38 f1 63 48 8a c8 f1
>2ad7	63 88 aa 68 06 38 e5 63 b0 01 ca 0b 38 ed 63 73
>2ae7	48 8a ed 83 73 aa 68 09 38 e5 63 48 8a e5 83 aa
>2af7	68 07 38 ed 63 73 b0 01 ca 06 38 e9 63 b0 01 ca
>2b07	05 e0 00 93 30 fe 02 48 da 09 18 69 63 48 8a 69
>2b17	73 aa 68 0b 18 71 63 48 8a c8 71 63 88 aa 68 06
>2b27	18 65 63 90 01 e8 0b 18 6d 63 73 48 8a 6d 83 73
>2b37	aa 68 09 18 65 63 48 8a 65 83 aa 68 07 18 6d 63
>2b47	73 90 01 e8 06 18 69 63 90 01 e8 05 e0 00 93 10
>2b57	fe 08 29 63 48 8a 29 73 aa 68 0a 31 63 48 8a c8
>2b67	31 63 88 aa 68 04 25 63 a2 00 0a 2d 63 73 48 8a
>2b77	2d 83 73 aa 68 08 25 63 48 8a 25 83 aa 68 05 2d
>2b87	63 73 a2 00 04 29 63 a2 00 02 a3 06 02 a3 07 02
>2b97	a3 08 02 a3 09 02 a3 0a 02 a3 0b 03 93 b0 fe 03
>2ba7	93 90 fe 02 a3 0c 01 ff 02 51 63 02 45 63 03 4d
>2bb7	63 73 02 49 63 02 b1 63 02 a5 63 03 ad 63 73 02
>2bc7	a9 63 01 98 00 05 c9 00 93 f0 fe 05 c9 00 93 d0
>2bd7	fe 02 11 63 02 05 63 03 0d 63 73 02 09 63 02 a3
>2be7	0d 03 38 f1 63 03 38 e5 63 04 38 ed 63 73 03 38
>2bf7	e9 63 05 c9 00 93 30 fe 01 48 03 18 71 63 03 18
>2c07	65 63 04 18 6d 63 73 03 18 69 63 05 c9 00 93 10
>2c17	fe 02 31 63 02 25 63 03 2d 63 73 02 29 63 02 46
>2c27	63 06 4e 83 73 6e 63 73 04 46 83 66 63 03 4e 63
>2c37	73 06 48 8a 4a aa 68 6a 01 4a 02 06 63 06 0e 63
>2c47	73 2e 83 73 04 06 63 26 83 03 0e 63 73 06 0a 48
>2c57	8a 2a aa 68 01 0a 0b 8a 49 ff aa 68 49 ff 1a d0
>2c67	01 e8 03 49 ff 1a 02 c6 63 0d 48 ad 63 73 d0 03
>2c77	ce 83 73 ce 63 73 68 0a 48 a5 63 d0 02 c6 83 c6
>2c87	63 68 03 ce 63 73 01 88 06 c9 00 d0 01 ca 3a 01
>2c97	3a 02 e6 63 08 ee 63 73 d0 03 ee 83 73 06 e6 63
>2ca7	d0 02 e6 83 03 ee 63 73 01 c8 04 1a d0 01 e8 01
>2cb7	1a a1 a5 34 a7 8a a6 81 a6 a3 a7 b1 a6 5a a5 e2
>2cc7	a6 1c a6 91 a5 53 a6 31 a6 30 a7 9e a6 07 4d 4f
>2cd7	a9 00 01 f7 0c 4d 54 a9 00 06 f3 db d9 dd bd d2
>2ce7	0c 4d 5e a9 00 06 f3 db d9 dd bd c1 09 4d 61 a9
>2cf7	00 03 f3 bd d9 09 4d 64 a9 00 03 f3 bd d2 09 4d
>2d07	67 a9 00 03 f3 bd c1 07 4d 6a a9 00 01 f3 07 4d
>2d17	6f a9 00 01 f0 09 4d 72 a9 00 03 ec bd d2 07 4d
>2d27	79 a9 00 01 ec 09 4d 80 a9 00 03 e9 bd d2 07 4d
>2d37	85 a9 00 01 e9 09 4d 8a a9 00 03 e3 bd d9 09 4d
>2d47	8e a9 00 03 e3 bd d2 09 4d 92 a9 00 03 e3 bd c1
>2d57	07 4d 96 a9 00 01 e3 07 4d 9c a9 00 01 e2 0b 4d
>2d67	a1 a9 00 05 de 52 50 48 c1 08 4d a9 a9 00 02 de
>2d77	c1 09 4d ac a9 00 03 d9 bd f3 09 4d af a9 00 03
>2d87	d9 bd e3 09 4d b3 a9 00 03 d9 bd e2 09 4d b6 a9
>2d97	00 03 d9 bd d2 09 4d b8 a9 00 03 d9 bd c1 0a 4d
>2da7	ba a9 00 04 d9 ad be d3 0a 4d bc a9 00 04 57 4f
>2db7	52 c4 0b 4d bf a9 00 05 55 4e 54 49 cc 0a 4d c2
>2dc7	a9 00 04 d3 ad be d9 0c 4d c4 a9 00 06 d3 ad be
>2dd7	52 41 d9 0a 4d c8 a9 00 04 d3 ad be d2 0a 4d cb
>2de7	a9 00 04 d3 ad be c1 09 4d cd a9 00 03 d2 f7 f7
>2df7	0c 4d d6 a9 00 06 d2 f3 f3 db d9 dd 09 4d e1 a9
>2e07	00 03 d2 f3 f3 09 4d e4 a9 00 03 d2 ec ec 09 4d
>2e17	ef a9 00 03 d2 e9 e9 09 4d f8 a9 00 03 d2 e3 e3
>2e27	09 4d fc a9 00 03 d2 e2 e2 0c 4d ff a9 00 06 52
>2e37	45 50 45 41 d4 13 4d 02 aa 00 0d 52 45 4d 4f 56
>2e47	45 2e 4c 4f 43 41 4c d3 0c 4d 05 aa 00 06 52 41
>2e57	d9 ad be d3 09 4d 09 aa 00 03 d2 bd f7 0c 4d 0e
>2e67	aa 00 06 d2 bd f3 db d9 dd 09 4d 16 aa 00 03 d2
>2e77	bd f3 09 4d 1b aa 00 03 d2 bd ec 09 4d 22 aa 00
>2e87	03 d2 bd e9 09 4d 27 aa 00 03 d2 bd e3 09 4d 2d
>2e97	aa 00 03 d2 bd e2 09 4d 32 aa 00 03 d2 bd d9 09
>2ea7	4d 36 aa 00 03 d2 bd c1 09 4d 39 aa 00 03 d2 bd
>2eb7	bf 0a 4d 43 aa 00 04 d2 bc be bf 09 4d 4d aa 00
>2ec7	03 d2 ba f7 0c 4d 56 aa 00 06 d2 ba f3 db d9 dd
>2ed7	09 4d 61 aa 00 03 d2 ba f3 09 4d 64 aa 00 03 d2
>2ee7	ba ec 09 4d 6f aa 00 03 d2 ba e9 09 4d 78 aa 00
>2ef7	03 d2 ba e3 09 4d 7c aa 00 03 d2 ba e2 0c 4d 7f
>2f07	aa 00 06 52 2e 53 57 41 d0 0b 4d 83 aa 00 05 52
>2f17	2e 46 4f d2 09 4d 86 aa 00 03 d2 ad f7 0c 4d 90
>2f27	aa 00 06 d2 ad f3 db d9 dd 09 4d 9c aa 00 03 d2
>2f37	ad f3 09 4d a3 aa 00 03 d2 ad ec 09 4d af aa 00
>2f47	03 d2 ad e9 09 4d b9 aa 00 03 d2 ad e3 09 4d c1
>2f57	aa 00 03 d2 ad e2 09 4d c8 aa 00 03 d2 ad bf 0a
>2f67	4d ce aa 00 04 d2 ad be d3 09 4d d1 aa 00 03 d2
>2f77	ab f7 0c 4d db aa 00 06 d2 ab f3 db d9 dd 09 4d
>2f87	e7 aa 00 03 d2 ab f3 09 4d ee aa 00 03 d2 ab ec
>2f97	09 4d fa aa 00 03 d2 ab e9 09 4d 04 ab 00 03 d2
>2fa7	ab e3 09 4d 0c ab 00 03 d2 ab e2 09 4d 13 ab 00
>2fb7	03 d2 ab bf 09 4d 19 ab 00 03 d2 a6 f7 0c 4d 22
>2fc7	ab 00 06 d2 a6 f3 db d9 dd 09 4d 2d ab 00 03 d2
>2fd7	a6 f3 09 4d 32 ab 00 03 d2 a6 ec 09 4d 3d ab 00
>2fe7	03 d2 a6 e9 09 4d 46 ab 00 03 d2 a6 e3 09 4d 4c
>2ff7	ab 00 03 d2 a6 e2 0a 4d 51 ab 00 04 50 52 4f c3
>3007	0a 4d 54 ab 00 04 4e 45 58 d4 08 4d 57 ab 00 02
>3017	49 c6 0d 4d 5a ab 00 07 45 4e 44 50 52 4f c3 0b
>3027	4d 5d ab 00 05 45 4e 44 49 c6 0a 4d 60 ab 00 04
>3037	45 4c 53 c5 09 4d 63 ab 00 03 43 d3 bf 09 4d 67
>3047	ab 00 03 43 c3 bf 0a 4d 6b ab 00 04 42 59 54 c5
>3057	0b 4d 6e ab 00 05 42 52 45 41 cb 0c 4d 70 ab 00
>3067	06 c1 f3 f3 db d9 dd 09 4d 73 ab 00 03 c1 f3 f3
>3077	09 4d 76 ab 00 03 c1 e3 e3 09 4d 7a ab 00 03 c1
>3087	e2 e2 0c 4d 7d ab 00 06 c1 bd f3 db d9 dd 09 4d
>3097	80 ab 00 03 c1 bd f3 09 4d 83 ab 00 03 c1 bd e3
>30a7	09 4d 87 ab 00 03 c1 bd e2 09 4d 8a ab 00 03 c1
>30b7	bd d9 09 4d 8c ab 00 03 c1 bd d2 09 4d 8d ab 00
>30c7	03 c1 bd bf 0a 4d 93 ab 00 04 c1 bc be bf 0c 4d
>30d7	99 ab 00 06 c1 ba f3 db d9 dd 09 4d 9c ab 00 03
>30e7	c1 ba f3 09 4d 9f ab 00 03 c1 ba e3 09 4d a3 ab
>30f7	00 03 c1 ba e2 0b 4d a6 ab 00 05 41 2e 46 4f d2
>3107	0c 4d a9 ab 00 06 c1 ad f3 db d9 dd 09 4d ad ab
>3117	00 03 c1 ad f3 09 4d b1 ab 00 03 c1 ad e3 09 4d
>3127	b6 ab 00 03 c1 ad e2 09 4d ba ab 00 03 c1 ad bf
>3137	0a 4d c0 ab 00 04 c1 ad be d3 0c 4d c2 ab 00 06
>3147	c1 ab f3 db d9 dd 09 4d c6 ab 00 03 c1 ab f3 09
>3157	4d ca ab 00 03 c1 ab e3 09 4d cf ab 00 03 c1 ab
>3167	e2 09 4d d3 ab 00 03 c1 ab bf 0c 4d d9 ab 00 06
>3177	c1 a6 f3 db d9 dd 09 4d dc ab 00 03 c1 a6 f3 09
>3187	4d df ab 00 03 c1 a6 e3 09 4d e3 ab 00 03 c1 a6
>3197	e2 09 4d e6 ab 00 03 be be f3 09 4d e9 ab 00 03
>31a7	be be ec 09 4d f0 ab 00 03 be be e9 09 4d f5 ab
>31b7	00 03 be be e3 09 4d f9 ab 00 03 be be d2 09 4d
>31c7	00 ac 00 03 be be c1 09 4d 02 ac 00 03 bc bc f3
>31d7	09 4d 05 ac 00 03 bc bc ec 09 4d 0c ac 00 03 bc
>31e7	bc e9 09 4d 11 ac 00 03 bc bc e3 09 4d 15 ac 00
>31f7	03 bc bc d2 09 4d 1c ac 00 03 bc bc c1 0b 4d 1e
>3207	ac 00 05 ad 52 50 48 c1 08 4d 2a ac 00 02 ad c1
>3217	09 4d 2e ac 00 03 ad ad f3 09 4d 31 ac 00 03 ad
>3227	ad ec 09 4d 3f ac 00 03 ad ad e9 09 4d 4a ac 00
>3237	03 ad ad e3 09 4d 4e ac 00 03 ad ad d9 09 4d 50
>3247	ac 00 03 ad ad d2 09 4d 57 ac 00 03 ad ad c1 09
>3257	4d 59 ac 00 03 ab ab f3 09 4d 5c ac 00 03 ab ab
>3267	ec 09 4d 65 ac 00 03 ab ab e9 09 4d 6c ac 00 03
>3277	ab ab e3 09 4d 70 ac 00 03 ab ab d9 09 4d 72 ac
>3287	00 03 ab ab d2 09 4d 77 ac 00 03 ab ab c1 00
.3296					UploadDataEnd:

;******  End of listing
